Loading required package: stats
Loading required package: utils


	You ask for 128 x 1 = 128 number of threads,
	which is more that I got from the system: 1
	Number of threads is reduced to 1:1



	You ask for 128 x 1 = 128 number of threads,
	which is more that I got from the system: 1
	Number of threads is reduced to 1:1


Call:
   c("inla.core(formula = formula, family = family, contrasts = contrasts, 
   ", " data = data, quantiles = quantiles, E = E, offset = offset, ", " 
   scale = scale, weights = weights, Ntrials = Ntrials, strata = strata, 
   ", " lp.scale = lp.scale, link.covariates = link.covariates, verbose = 
   verbose, ", " lincomb = lincomb, selection = selection, control.compute 
   = control.compute, ", " control.predictor = control.predictor, 
   control.family = control.family, ", " control.inla = control.inla, 
   control.fixed = control.fixed, ", " control.mode = control.mode, 
   control.expert = control.expert, ", " control.hazard = control.hazard, 
   control.lincomb = control.lincomb, ", " control.update = 
   control.update, control.lp.scale = control.lp.scale, ", " 
   control.pardiso = control.pardiso, only.hyperparam = only.hyperparam, 
   ", " inla.call = inla.call, inla.arg = inla.arg, num.threads = 
   num.threads, ", " blas.num.threads = blas.num.threads, keep = keep, 
   working.directory = working.directory, ", " silent = silent, inla.mode 
   = inla.mode, safe = FALSE, debug = debug, ", " .parent.frame = 
   .parent.frame)") 
Time used:
    Pre = 3.9, Running = 19475, Post = 6.39, Total = 19486 
Fixed effects:
              mean    sd 0.025quant 0.5quant 0.975quant   mode kld
(Intercept) 13.930 4.960      4.078   13.930     23.781 13.930   0
weekend     -0.003 0.009     -0.021   -0.003      0.015 -0.003   0
hol         -0.002 0.026     -0.053   -0.002      0.049 -0.002   0

Random effects:
  Name	  Model
    below_loq IID model
   below_lod IID model
   day RW2 model
   ara1 IID model
   day1 RW1 model

Model hyperparameters:
                                                mean    sd 0.025quant 0.5quant
Precision parameter for the Gamma observations 3.451 0.046      3.359    3.451
Precision for below_loq                        6.809 2.261      3.235    6.526
Precision for below_lod                        0.027 0.010      0.012    0.026
Precision for day                              0.014 0.002      0.010    0.013
Precision for ara1                             0.789 0.111      0.620    0.773
Precision for day1                             0.476 0.019      0.441    0.476
                                               0.975quant  mode
Precision parameter for the Gamma observations      3.539 3.455
Precision for below_loq                            12.038 5.984
Precision for below_lod                             0.050 0.023
Precision for day                                   0.017 0.013
Precision for ara1                                  1.055 0.726
Precision for day1                                  0.514 0.476

Watanabe-Akaike information criterion (WAIC) ...: 1223608.48
Effective number of parameters .................: 4229.50

Marginal log-Likelihood:  -732350.39 
 is computed 
Posterior summaries for the linear predictor and the fitted values are computed
(Posterior marginals needs also 'control.compute=list(return.marginals.predictor=TRUE)')

Error in summary_exp_vl(ma5.3.1, pars = "lab|method|hol|weekend") : 
  could not find function "summary_exp_vl"
Execution halted
Job is done.
